[16:35:51][INFO] Logger initialized
[16:35:51][INFO] Application initialized
[16:35:51][INFO] ChangeState: entered
[16:35:51][INFO] ChangeState: about to call Enter
[16:35:51][INFO] Entered MenuState
[16:35:51][INFO] ChangeState: after Enter
[16:35:51][INFO] ChangeState: finished
[16:35:51][INFO] After ChangeState in Init
[16:35:51][INFO] OpenGLAdapter::Init started
[16:35:51][INFO] Init: vertices defined
[16:35:51][INFO] LoadShaders successfully
[16:35:51][INFO] OpenGLAdapter::Init finished
[16:35:51][INFO] Build Marker v2: creating systems
[16:35:51][INFO] RenderSystem created
[16:35:51][INFO] AnimationSystem created
[16:35:51][INFO] Entering main loop
[16:36:00][INFO] Exited main loop
[16:36:00][INFO] Shutting down application
[16:36:00][INFO] Exited MenuState
[16:36:00][INFO] Logger shutdown
