[20:45:31][INFO] Logger initialized
[20:45:31][INFO] Application initialized
[20:45:31][INFO] ChangeState: entered
[20:45:31][INFO] ChangeState: about to call Enter
[20:45:31][INFO] Entered MenuState
[20:45:31][INFO] ChangeState: after Enter
[20:45:31][INFO] ChangeState: finished
[20:45:31][INFO] After ChangeState in Init
[20:45:31][INFO] OpenGLAdapter::Init started
[20:45:31][INFO] Init: vertices defined
[20:45:31][INFO] Init: VAO generated
[20:45:31][INFO] Init: VBO generated
[20:45:31][INFO] Init: Data loaded in buffer
[20:45:31][INFO] LoadShaders successfully
[20:45:31][INFO] OpenGLAdapter::Init finished
[20:45:31][INFO] === Components Test Started ===
[20:45:31][INFO] Created entities: 1, 2, 3
[20:45:31][INFO] Entity 1:
[20:45:31][INFO]   Tag: Player
[20:45:31][INFO]   Transform: pos(0.000000, 0.000000, 0.000000)
[20:45:31][INFO]   MeshRenderer: type=Square, color=(0.000000, 1.000000, 0.000000, 1.000000)
[20:45:31][INFO]   -----
[20:45:31][INFO] Entity 2:
[20:45:31][INFO]   Tag: Enemy
[20:45:31][INFO]   Transform: pos(2.000000, 0.000000, 0.000000)
[20:45:31][INFO]   MeshRenderer: type=Triangle, color=(1.000000, 0.000000, 0.000000, 1.000000)
[20:45:31][INFO]   -----
[20:45:31][INFO] Entity 3:
[20:45:31][INFO]   Tag: PowerUp
[20:45:31][INFO]   MeshRenderer: type=Square, color=(1.000000, 1.000000, 0.000000, 1.000000)
[20:45:31][INFO]   -----
[20:45:31][INFO] Updated player position to: 5.000000
[20:45:31][INFO] Total entities with MeshRenderer: 3
[20:45:31][INFO] === Components Test Finished ===
[20:45:31][INFO] Entering main loop
[20:45:40][INFO] ChangeState: entered
[20:45:40][INFO] ChangeState: exiting old
[20:45:40][INFO] Exited MenuState
[20:45:40][INFO] ChangeState: about to call Enter
[20:45:40][INFO] Entered PauseState
[20:45:40][INFO] ChangeState: after Enter
[20:45:40][INFO] ChangeState: finished
[20:45:40][INFO] ChangeState: entered
[20:45:40][INFO] ChangeState: exiting old
[20:45:40][INFO] Exited PauseState
[20:45:40][INFO] ChangeState: about to call Enter
[20:45:40][INFO] Entered PauseState
[20:45:40][INFO] ChangeState: after Enter
[20:45:40][INFO] ChangeState: finished
[20:45:40][INFO] ChangeState: entered
[20:45:40][INFO] ChangeState: exiting old
[20:45:40][INFO] Exited PauseState
[20:45:40][INFO] ChangeState: about to call Enter
[20:45:40][INFO] Entered PauseState
[20:45:40][INFO] ChangeState: after Enter
[20:45:40][INFO] ChangeState: finished
[20:45:40][INFO] ChangeState: entered
[20:45:40][INFO] ChangeState: exiting old
[20:45:40][INFO] Exited PauseState
[20:45:40][INFO] ChangeState: about to call Enter
[20:45:40][INFO] Entered PauseState
[20:45:40][INFO] ChangeState: after Enter
[20:45:40][INFO] ChangeState: finished
[20:45:40][INFO] ChangeState: entered
[20:45:40][INFO] ChangeState: exiting old
[20:45:40][INFO] Exited PauseState
[20:45:40][INFO] ChangeState: about to call Enter
[20:45:40][INFO] Entered PauseState
[20:45:40][INFO] ChangeState: after Enter
[20:45:40][INFO] ChangeState: finished
[20:45:40][INFO] ChangeState: entered
[20:45:40][INFO] ChangeState: exiting old
[20:45:40][INFO] Exited PauseState
[20:45:40][INFO] ChangeState: about to call Enter
[20:45:40][INFO] Entered PauseState
[20:45:40][INFO] ChangeState: after Enter
[20:45:40][INFO] ChangeState: finished
[20:45:40][INFO] ChangeState: entered
[20:45:40][INFO] ChangeState: exiting old
[20:45:40][INFO] Exited PauseState
[20:45:40][INFO] ChangeState: about to call Enter
[20:45:40][INFO] Entered PauseState
[20:45:40][INFO] ChangeState: after Enter
[20:45:40][INFO] ChangeState: finished
[20:45:40][INFO] ChangeState: entered
[20:45:40][INFO] ChangeState: exiting old
[20:45:40][INFO] Exited PauseState
[20:45:40][INFO] ChangeState: about to call Enter
[20:45:40][INFO] Entered PauseState
[20:45:40][INFO] ChangeState: after Enter
[20:45:40][INFO] ChangeState: finished
[20:45:40][INFO] ChangeState: entered
[20:45:40][INFO] ChangeState: exiting old
[20:45:40][INFO] Exited PauseState
[20:45:40][INFO] ChangeState: about to call Enter
[20:45:40][INFO] Entered PauseState
[20:45:40][INFO] ChangeState: after Enter
[20:45:40][INFO] ChangeState: finished
[20:45:40][INFO] ChangeState: entered
[20:45:40][INFO] ChangeState: exiting old
[20:45:40][INFO] Exited PauseState
[20:45:40][INFO] ChangeState: about to call Enter
[20:45:40][INFO] Entered PauseState
[20:45:40][INFO] ChangeState: after Enter
[20:45:40][INFO] ChangeState: finished
[20:45:40][INFO] ChangeState: entered
[20:45:40][INFO] ChangeState: exiting old
[20:45:40][INFO] Exited PauseState
[20:45:40][INFO] ChangeState: about to call Enter
[20:45:40][INFO] Entered PauseState
[20:45:40][INFO] ChangeState: after Enter
[20:45:40][INFO] ChangeState: finished
[20:45:40][INFO] ChangeState: entered
[20:45:40][INFO] ChangeState: exiting old
[20:45:40][INFO] Exited PauseState
[20:45:40][INFO] ChangeState: about to call Enter
[20:45:40][INFO] Entered PauseState
[20:45:40][INFO] ChangeState: after Enter
[20:45:40][INFO] ChangeState: finished
[20:45:40][INFO] ChangeState: entered
[20:45:40][INFO] ChangeState: exiting old
[20:45:40][INFO] Exited PauseState
[20:45:40][INFO] ChangeState: about to call Enter
[20:45:40][INFO] Entered PauseState
[20:45:40][INFO] ChangeState: after Enter
[20:45:40][INFO] ChangeState: finished
[20:45:40][INFO] ChangeState: entered
[20:45:40][INFO] ChangeState: exiting old
[20:45:40][INFO] Exited PauseState
[20:45:40][INFO] ChangeState: about to call Enter
[20:45:40][INFO] Entered PauseState
[20:45:40][INFO] ChangeState: after Enter
[20:45:40][INFO] ChangeState: finished
[20:45:40][INFO] ChangeState: entered
[20:45:40][INFO] ChangeState: exiting old
[20:45:40][INFO] Exited PauseState
[20:45:40][INFO] ChangeState: about to call Enter
[20:45:40][INFO] Entered PauseState
[20:45:40][INFO] ChangeState: after Enter
[20:45:40][INFO] ChangeState: finished
[20:45:40][INFO] ChangeState: entered
[20:45:40][INFO] ChangeState: exiting old
[20:45:40][INFO] Exited PauseState
[20:45:40][INFO] ChangeState: about to call Enter
[20:45:40][INFO] Entered PauseState
[20:45:40][INFO] ChangeState: after Enter
[20:45:40][INFO] ChangeState: finished
[20:45:40][INFO] ChangeState: entered
[20:45:40][INFO] ChangeState: exiting old
[20:45:40][INFO] Exited PauseState
[20:45:40][INFO] ChangeState: about to call Enter
[20:45:40][INFO] Entered PauseState
[20:45:40][INFO] ChangeState: after Enter
[20:45:40][INFO] ChangeState: finished
[20:45:40][INFO] ChangeState: entered
[20:45:40][INFO] ChangeState: exiting old
[20:45:40][INFO] Exited PauseState
[20:45:40][INFO] ChangeState: about to call Enter
[20:45:40][INFO] Entered PauseState
[20:45:40][INFO] ChangeState: after Enter
[20:45:40][INFO] ChangeState: finished
[20:45:41][INFO] ChangeState: entered
[20:45:41][INFO] ChangeState: exiting old
[20:45:41][INFO] Exited PauseState
[20:45:41][INFO] ChangeState: about to call Enter
[20:45:41][INFO] Entered PlayState
[20:45:41][INFO] ChangeState: after Enter
[20:45:41][INFO] ChangeState: finished
[20:45:41][INFO] ChangeState: entered
[20:45:41][INFO] ChangeState: exiting old
[20:45:41][INFO] Exited PlayState
[20:45:41][INFO] ChangeState: about to call Enter
[20:45:41][INFO] Entered PlayState
[20:45:41][INFO] ChangeState: after Enter
[20:45:41][INFO] ChangeState: finished
[20:45:41][INFO] ChangeState: entered
[20:45:41][INFO] ChangeState: exiting old
[20:45:41][INFO] Exited PlayState
[20:45:41][INFO] ChangeState: about to call Enter
[20:45:41][INFO] Entered PlayState
[20:45:41][INFO] ChangeState: after Enter
[20:45:41][INFO] ChangeState: finished
[20:45:41][INFO] ChangeState: entered
[20:45:41][INFO] ChangeState: exiting old
[20:45:41][INFO] Exited PlayState
[20:45:41][INFO] ChangeState: about to call Enter
[20:45:41][INFO] Entered PlayState
[20:45:41][INFO] ChangeState: after Enter
[20:45:41][INFO] ChangeState: finished
[20:45:41][INFO] ChangeState: entered
[20:45:41][INFO] ChangeState: exiting old
[20:45:41][INFO] Exited PlayState
[20:45:41][INFO] ChangeState: about to call Enter
[20:45:41][INFO] Entered PlayState
[20:45:41][INFO] ChangeState: after Enter
[20:45:41][INFO] ChangeState: finished
[20:45:41][INFO] ChangeState: entered
[20:45:41][INFO] ChangeState: exiting old
[20:45:41][INFO] Exited PlayState
[20:45:41][INFO] ChangeState: about to call Enter
[20:45:41][INFO] Entered PlayState
[20:45:41][INFO] ChangeState: after Enter
[20:45:41][INFO] ChangeState: finished
[20:45:41][INFO] ChangeState: entered
[20:45:41][INFO] ChangeState: exiting old
[20:45:41][INFO] Exited PlayState
[20:45:41][INFO] ChangeState: about to call Enter
[20:45:41][INFO] Entered PlayState
[20:45:41][INFO] ChangeState: after Enter
[20:45:41][INFO] ChangeState: finished
[20:45:41][INFO] ChangeState: entered
[20:45:41][INFO] ChangeState: exiting old
[20:45:41][INFO] Exited PlayState
[20:45:41][INFO] ChangeState: about to call Enter
[20:45:41][INFO] Entered PlayState
[20:45:41][INFO] ChangeState: after Enter
[20:45:41][INFO] ChangeState: finished
[20:45:41][INFO] ChangeState: entered
[20:45:41][INFO] ChangeState: exiting old
[20:45:41][INFO] Exited PlayState
[20:45:41][INFO] ChangeState: about to call Enter
[20:45:41][INFO] Entered PlayState
[20:45:41][INFO] ChangeState: after Enter
[20:45:41][INFO] ChangeState: finished
[20:45:41][INFO] ChangeState: entered
[20:45:41][INFO] ChangeState: exiting old
[20:45:41][INFO] Exited PlayState
[20:45:41][INFO] ChangeState: about to call Enter
[20:45:41][INFO] Entered PlayState
[20:45:41][INFO] ChangeState: after Enter
[20:45:41][INFO] ChangeState: finished
[20:45:41][INFO] ChangeState: entered
[20:45:41][INFO] ChangeState: exiting old
[20:45:41][INFO] Exited PlayState
[20:45:41][INFO] ChangeState: about to call Enter
[20:45:41][INFO] Entered PlayState
[20:45:41][INFO] ChangeState: after Enter
[20:45:41][INFO] ChangeState: finished
[20:45:41][INFO] ChangeState: entered
[20:45:41][INFO] ChangeState: exiting old
[20:45:41][INFO] Exited PlayState
[20:45:41][INFO] ChangeState: about to call Enter
[20:45:41][INFO] Entered PlayState
[20:45:41][INFO] ChangeState: after Enter
[20:45:41][INFO] ChangeState: finished
[20:45:41][INFO] ChangeState: entered
[20:45:41][INFO] ChangeState: exiting old
[20:45:41][INFO] Exited PlayState
[20:45:41][INFO] ChangeState: about to call Enter
[20:45:41][INFO] Entered PlayState
[20:45:41][INFO] ChangeState: after Enter
[20:45:41][INFO] ChangeState: finished
[20:45:41][INFO] ChangeState: entered
[20:45:41][INFO] ChangeState: exiting old
[20:45:41][INFO] Exited PlayState
[20:45:41][INFO] ChangeState: about to call Enter
[20:45:41][INFO] Entered PlayState
[20:45:41][INFO] ChangeState: after Enter
[20:45:41][INFO] ChangeState: finished
[20:45:41][INFO] ChangeState: entered
[20:45:41][INFO] ChangeState: exiting old
[20:45:41][INFO] Exited PlayState
[20:45:41][INFO] ChangeState: about to call Enter
[20:45:41][INFO] Entered PlayState
[20:45:41][INFO] ChangeState: after Enter
[20:45:41][INFO] ChangeState: finished
[20:45:41][INFO] ChangeState: entered
[20:45:41][INFO] ChangeState: exiting old
[20:45:41][INFO] Exited PlayState
[20:45:41][INFO] ChangeState: about to call Enter
[20:45:41][INFO] Entered PlayState
[20:45:41][INFO] ChangeState: after Enter
[20:45:41][INFO] ChangeState: finished
[20:45:41][INFO] ChangeState: entered
[20:45:41][INFO] ChangeState: exiting old
[20:45:41][INFO] Exited PlayState
[20:45:41][INFO] ChangeState: about to call Enter
[20:45:41][INFO] Entered PlayState
[20:45:41][INFO] ChangeState: after Enter
[20:45:41][INFO] ChangeState: finished
[20:45:44][INFO] ChangeState: entered
[20:45:44][INFO] ChangeState: exiting old
[20:45:44][INFO] Exited PlayState
[20:45:44][INFO] ChangeState: about to call Enter
[20:45:44][INFO] Entered PauseState
[20:45:44][INFO] ChangeState: after Enter
[20:45:44][INFO] ChangeState: finished
[20:45:44][INFO] ChangeState: entered
[20:45:44][INFO] ChangeState: exiting old
[20:45:44][INFO] Exited PauseState
[20:45:44][INFO] ChangeState: about to call Enter
[20:45:44][INFO] Entered PauseState
[20:45:44][INFO] ChangeState: after Enter
[20:45:44][INFO] ChangeState: finished
[20:45:44][INFO] ChangeState: entered
[20:45:44][INFO] ChangeState: exiting old
[20:45:44][INFO] Exited PauseState
[20:45:44][INFO] ChangeState: about to call Enter
[20:45:44][INFO] Entered PauseState
[20:45:44][INFO] ChangeState: after Enter
[20:45:44][INFO] ChangeState: finished
[20:45:44][INFO] ChangeState: entered
[20:45:44][INFO] ChangeState: exiting old
[20:45:44][INFO] Exited PauseState
[20:45:44][INFO] ChangeState: about to call Enter
[20:45:44][INFO] Entered PauseState
[20:45:44][INFO] ChangeState: after Enter
[20:45:44][INFO] ChangeState: finished
[20:45:44][INFO] ChangeState: entered
[20:45:44][INFO] ChangeState: exiting old
[20:45:44][INFO] Exited PauseState
[20:45:44][INFO] ChangeState: about to call Enter
[20:45:44][INFO] Entered PauseState
[20:45:44][INFO] ChangeState: after Enter
[20:45:44][INFO] ChangeState: finished
[20:45:44][INFO] ChangeState: entered
[20:45:44][INFO] ChangeState: exiting old
[20:45:44][INFO] Exited PauseState
[20:45:44][INFO] ChangeState: about to call Enter
[20:45:44][INFO] Entered PauseState
[20:45:44][INFO] ChangeState: after Enter
[20:45:44][INFO] ChangeState: finished
[20:45:44][INFO] ChangeState: entered
[20:45:44][INFO] ChangeState: exiting old
[20:45:44][INFO] Exited PauseState
[20:45:44][INFO] ChangeState: about to call Enter
[20:45:44][INFO] Entered PauseState
[20:45:44][INFO] ChangeState: after Enter
[20:45:44][INFO] ChangeState: finished
[20:45:44][INFO] ChangeState: entered
[20:45:44][INFO] ChangeState: exiting old
[20:45:44][INFO] Exited PauseState
[20:45:44][INFO] ChangeState: about to call Enter
[20:45:44][INFO] Entered PauseState
[20:45:44][INFO] ChangeState: after Enter
[20:45:44][INFO] ChangeState: finished
[20:45:44][INFO] ChangeState: entered
[20:45:44][INFO] ChangeState: exiting old
[20:45:44][INFO] Exited PauseState
[20:45:44][INFO] ChangeState: about to call Enter
[20:45:44][INFO] Entered PauseState
[20:45:44][INFO] ChangeState: after Enter
[20:45:44][INFO] ChangeState: finished
[20:45:44][INFO] ChangeState: entered
[20:45:44][INFO] ChangeState: exiting old
[20:45:44][INFO] Exited PauseState
[20:45:44][INFO] ChangeState: about to call Enter
[20:45:44][INFO] Entered PauseState
[20:45:44][INFO] ChangeState: after Enter
[20:45:44][INFO] ChangeState: finished
[20:45:44][INFO] ChangeState: entered
[20:45:44][INFO] ChangeState: exiting old
[20:45:44][INFO] Exited PauseState
[20:45:44][INFO] ChangeState: about to call Enter
[20:45:44][INFO] Entered PauseState
[20:45:44][INFO] ChangeState: after Enter
[20:45:44][INFO] ChangeState: finished
[20:45:44][INFO] ChangeState: entered
[20:45:44][INFO] ChangeState: exiting old
[20:45:44][INFO] Exited PauseState
[20:45:44][INFO] ChangeState: about to call Enter
[20:45:44][INFO] Entered PauseState
[20:45:44][INFO] ChangeState: after Enter
[20:45:44][INFO] ChangeState: finished
[20:45:44][INFO] ChangeState: entered
[20:45:44][INFO] ChangeState: exiting old
[20:45:44][INFO] Exited PauseState
[20:45:44][INFO] ChangeState: about to call Enter
[20:45:44][INFO] Entered PauseState
[20:45:44][INFO] ChangeState: after Enter
[20:45:44][INFO] ChangeState: finished
[20:45:44][INFO] ChangeState: entered
[20:45:44][INFO] ChangeState: exiting old
[20:45:44][INFO] Exited PauseState
[20:45:44][INFO] ChangeState: about to call Enter
[20:45:44][INFO] Entered PauseState
[20:45:44][INFO] ChangeState: after Enter
[20:45:44][INFO] ChangeState: finished
[20:45:54][INFO] Exited main loop
[20:45:54][INFO] Shutting down application
[20:45:54][INFO] Exited PauseState
[20:45:54][INFO] Logger shutdown
